  Ani.cpp
e:\남대륙\fps_21\fps\fps_1\fps\ani.cpp(37): warning C4267: '=': 'size_t'에서 'int'(으)로 변환하면서 데이터가 손실될 수 있습니다.
  Bomb.cpp
e:\남대륙\fps_21\fps\fps_1\fps\bomb.cpp(100): error C2660: 'GameManager::ResistExplosion': 함수는 2개의 매개 변수를 사용하지 않습니다.
  e:\남대륙\fps_21\fps\fps_1\fps\gamemanager.h(90): note: 'GameManager::ResistExplosion' 선언을 참조하십시오.
  Box.cpp
  Door.cpp
  GameManager.cpp
e:\남대륙\fps_21\fps\fps_1\fps\gamemanager.cpp(140): warning C4267: '초기화 중': 'size_t'에서 'int'(으)로 변환하면서 데이터가 손실될 수 있습니다.
  GameOverScene.cpp
  GameScene.cpp
  IntroScene.cpp
  Item.cpp
  Monster.cpp
  Object.cpp
e:\남대륙\fps_21\fps\fps_1\fps\object.cpp(54): warning C4244: '초기화 중': 'float'에서 'int'(으)로 변환하면서 데이터가 손실될 수 있습니다.
e:\남대륙\fps_21\fps\fps_1\fps\object.cpp(55): warning C4244: '초기화 중': 'float'에서 'int'(으)로 변환하면서 데이터가 손실될 수 있습니다.
  ObjectFactory.cpp
  Player.cpp
  Scene.cpp
  SceneFactory.cpp
  SceneManager.cpp
  Wall.cpp
  코드를 생성하고 있습니다...
